<?xml version="1.0" encoding="UTF-8"?>
<!-- Generated by org.testng.reporters.JUnitXMLReporter -->
<testsuite ignored="0" hostname="LAPTOP-ULE65TSE" failures="0" tests="6" name="Test" time="184.567" errors="0" timestamp="2021-07-14T14:49:00 IST">
  <testcase classname="OpenCart_Main.MainTest_OpenCart" name="RegisterAccount" time="87.947"/>
  <testcase classname="OpenCart_Main.MainTest_OpenCart" name="RegisterFailure" time="16.007"/>
  <testcase classname="OpenCart_Main.MainTest_OpenCart" name="loginOpencart" time="5.817"/>
  <testcase classname="OpenCart_Main.MainTest_OpenCart" name="verifytitle" time="0.048"/>
  <testcase classname="OpenCart_Main.MainTest_OpenCart" name="addcart" time="17.913"/>
  <testcase classname="OpenCart_Main.MainTest_OpenCart" name="Guestcheckout" time="56.599"/>
</testsuite> <!-- Test -->
